#
# A fatal error has been detected by the Java Runtime Environment:
#
#  Internal Error (javaClasses.cpp:127), pid=7224, tid=3560
#  fatal error: Invalid layout of preloaded class
#
# JRE version:  (8.0_45-b15) (build )
# Java VM: Java HotSpot(TM) Client VM (25.45-b02 mixed mode windows-x86 )
# Failed to write core dump. Minidumps are not enabled by default on client versions of Windows
#
# If you would like to submit a bug report, please visit:
#   http://bugreport.java.com/bugreport/crash.jsp
#

---------------  T H R E A D  ---------------

Current thread (0x01b6b800):  JavaThread "Unknown thread" [_thread_in_vm, id=3560, stack(0x01520000,0x01570000)]

Stack: [0x01520000,0x01570000],  sp=0x0156fa50,  free space=318k
Native frames: (J=compiled Java code, j=interpreted, Vv=VM code, C=native code)
V  [jvm.dll+0x1a4f8b]
V  [jvm.dll+0x19d846]
V  [jvm.dll+0x42269]
V  [jvm.dll+0x4241e]
V  [jvm.dll+0x5193e]
V  [jvm.dll+0xa86ae]
V  [jvm.dll+0xa8972]
V  [jvm.dll+0x154631]
V  [jvm.dll+0x17869b]
V  [jvm.dll+0xe51a1]
C  [javaw.exe+0x14d3]
C  [javaw.exe+0x2047]
C  [javaw.exe+0xadff]
C  [javaw.exe+0xae89]
C  [kernel32.dll+0x4ee6c]
C  [ntdll.dll+0x63ab3]
C  [ntdll.dll+0x63a86]
C  0x00000000


---------------  P R O C E S S  ---------------

Java Threads: ( => current thread )

Other Threads:

=>0x01b6b800 (exited) JavaThread "Unknown thread" [_thread_in_vm, id=3560, stack(0x01520000,0x01570000)]

VM state:not at safepoint (not fully initialized)

VM Mutex/Monitor currently owned by a thread: None

GC Heap History (0 events):
No events

Deoptimization events (0 events):
No events

Internal exceptions (0 events):
No events

Events (10 events):
Event: 1.329 loading class java/lang/CharSequence done
Event: 1.329 loading class java/lang/String done
Event: 1.329 loading class java/lang/Class
Event: 1.329 loading class java/lang/reflect/AnnotatedElement
Event: 1.329 loading class java/lang/reflect/AnnotatedElement done
Event: 1.329 loading class java/lang/reflect/GenericDeclaration
Event: 1.329 loading class java/lang/reflect/GenericDeclaration done
Event: 1.329 loading class java/lang/reflect/Type
Event: 1.329 loading class java/lang/reflect/Type done
Event: 1.329 loading class java/lang/Class done


Dynamic libraries:
0x008c0000 - 0x008f3000 	D:\jdk\bin\javaw.exe
0x77560000 - 0x776a1000 	C:\Windows\SYSTEM32\ntdll.dll
0x77060000 - 0x77134000 	C:\Windows\system32\kernel32.dll
0x759a0000 - 0x759eb000 	C:\Windows\system32\KERNELBASE.dll
0x77350000 - 0x773f1000 	C:\Windows\system32\ADVAPI32.dll
0x759f0000 - 0x75a9c000 	C:\Windows\system32\msvcrt.dll
0x776b0000 - 0x776c9000 	C:\Windows\SYSTEM32\sechost.dll
0x77140000 - 0x771e2000 	C:\Windows\system32\RPCRT4.dll
0x75b30000 - 0x75bf9000 	C:\Windows\system32\USER32.dll
0x76e40000 - 0x76e8e000 	C:\Windows\system32\GDI32.dll
0x75ce0000 - 0x75cea000 	C:\Windows\system32\LPK.dll
0x76c90000 - 0x76d2d000 	C:\Windows\system32\USP10.dll
0x744d0000 - 0x7466e000 	C:\Windows\WinSxS\x86_microsoft.windows.common-controls_6595b64144ccf1df_6.0.7601.18837_none_41e855142bd5705d\COMCTL32.dll
0x77750000 - 0x777a7000 	C:\Windows\system32\SHLWAPI.dll
0x776e0000 - 0x776ff000 	C:\Windows\system32\IMM32.DLL
0x75c10000 - 0x75cdc000 	C:\Windows\system32\MSCTF.dll
0x6d020000 - 0x6d035000 	C:\PROGRA~1\KASPER~1\KASPER~1.0FO\adialhk.dll
0x5a1c0000 - 0x5a27f000 	D:\jdk\bin\msvcr100.dll
0x593f0000 - 0x597b0000 	D:\jdk\bin\client\jvm.dll
0x70e80000 - 0x70e87000 	C:\Windows\system32\WSOCK32.dll
0x771f0000 - 0x77225000 	C:\Windows\system32\WS2_32.dll
0x75c00000 - 0x75c06000 	C:\Windows\system32\NSI.dll
0x73b30000 - 0x73b62000 	C:\Windows\system32\WINMM.dll
0x74ed0000 - 0x74ed9000 	C:\Windows\system32\VERSION.dll
0x76030000 - 0x76035000 	C:\Windows\system32\PSAPI.DLL
0x731d0000 - 0x731dc000 	D:\jdk\bin\verify.dll
0x67910000 - 0x67931000 	D:\jdk\bin\java.dll
0x6f9f0000 - 0x6fa03000 	D:\jdk\bin\zip.dll
0x70ff0000 - 0x710db000 	C:\Windows\system32\dbghelp.dll

VM Arguments:
jvm_args: -Dfile.encoding=Cp1251 -Xbootclasspath:C:\Users\Romantsova\android-sdks\platforms\android-17\android.jar 
java_command: com.example.achess.DrawTest
java_class_path (initial): D:\jwork\achess\bin\classes;D:\jwork\achess\libs\android-support-v4.jar
Launcher Type: SUN_STANDARD

Environment Variables:
CLASSPATH=D:\jdk\lib
PATH=D:/jdk/bin/client;D:/jdk/bin;D:/jdk/lib/i386;D:\jdk\bin;C:\ProgramData\Oracle\Java\javapath;D:\BSSystems\AzkExchange107;C:\Windows\system32;C:\Windows;C:\Windows\System32\Wbem;C:\Windows\System32\WindowsPowerShell\v1.0\;C:\Windows\System32\WindowsPowerShell\v1.0\;C:\Windows\System32\WindowsPowerShell\v1.0\;D:\EOS\PB10DK\;;D:\eclipse;
USERNAME=Romantsova
OS=Windows_NT
PROCESSOR_IDENTIFIER=x86 Family 6 Model 42 Stepping 7, GenuineIntel



---------------  S Y S T E M  ---------------

OS: Windows 7 Build 7601 (6.1.7601.18847)

CPU:total 4 (2 cores per cpu, 2 threads per core) family 6 model 42 stepping 7, cmov, cx8, fxsr, mmx, sse, sse2, sse3, ssse3, sse4.1, sse4.2, popcnt, avx, clmul, ht, tsc, tscinvbit

Memory: 4k page, physical 3587576k(1037052k free), swap 7173424k(3575528k free)

vm_info: Java HotSpot(TM) Client VM (25.45-b02) for windows-x86 JRE (1.8.0_45-b15), built on Apr 30 2015 12:31:00 by "java_re" with MS VC++ 10.0 (VS2010)

time: Mon Oct 12 12:10:20 2015
elapsed time: 5 seconds (0d 0h 0m 5s)

