#
# A fatal error has been detected by the Java Runtime Environment:
#
#  Internal Error (javaClasses.cpp:127), pid=8092, tid=1880
#  fatal error: Invalid layout of preloaded class
#
# JRE version:  (8.0_45-b15) (build )
# Java VM: Java HotSpot(TM) Client VM (25.45-b02 mixed mode windows-x86 )
# Failed to write core dump. Minidumps are not enabled by default on client versions of Windows
#
# If you would like to submit a bug report, please visit:
#   http://bugreport.java.com/bugreport/crash.jsp
#

---------------  T H R E A D  ---------------

Current thread (0x01bcb800):  JavaThread "Unknown thread" [_thread_in_vm, id=1880, stack(0x010c0000,0x01110000)]

Stack: [0x010c0000,0x01110000],  sp=0x0110f2d4,  free space=316k
Native frames: (J=compiled Java code, j=interpreted, Vv=VM code, C=native code)
V  [jvm.dll+0x1a4f8b]
V  [jvm.dll+0x19d846]
V  [jvm.dll+0x42269]
V  [jvm.dll+0x4241e]
V  [jvm.dll+0x5193e]
V  [jvm.dll+0xa86ae]
V  [jvm.dll+0xa8972]
V  [jvm.dll+0x154631]
V  [jvm.dll+0x17869b]
V  [jvm.dll+0xe51a1]
C  [javaw.exe+0x14d3]
C  [javaw.exe+0x2047]
C  [javaw.exe+0xadff]
C  [javaw.exe+0xae89]
C  [kernel32.dll+0x4ee6c]
C  [ntdll.dll+0x63ab3]
C  [ntdll.dll+0x63a86]
C  0x00000000


---------------  P R O C E S S  ---------------

Java Threads: ( => current thread )

Other Threads:

=>0x01bcb800 (exited) JavaThread "Unknown thread" [_thread_in_vm, id=1880, stack(0x010c0000,0x01110000)]

VM state:not at safepoint (not fully initialized)

VM Mutex/Monitor currently owned by a thread: None

GC Heap History (0 events):
No events

Deoptimization events (0 events):
No events

Internal exceptions (0 events):
No events

Events (10 events):
Event: 0.011 loading class java/lang/CharSequence done
Event: 0.011 loading class java/lang/String done
Event: 0.011 loading class java/lang/Class
Event: 0.012 loading class java/lang/reflect/AnnotatedElement
Event: 0.012 loading class java/lang/reflect/AnnotatedElement done
Event: 0.012 loading class java/lang/reflect/GenericDeclaration
Event: 0.012 loading class java/lang/reflect/GenericDeclaration done
Event: 0.012 loading class java/lang/reflect/Type
Event: 0.012 loading class java/lang/reflect/Type done
Event: 0.012 loading class java/lang/Class done


Dynamic libraries:
0x012a0000 - 0x012d3000 	D:\jdk\bin\javaw.exe
0x779c0000 - 0x77b01000 	C:\Windows\SYSTEM32\ntdll.dll
0x76320000 - 0x763f4000 	C:\Windows\system32\kernel32.dll
0x75c10000 - 0x75c5b000 	C:\Windows\system32\KERNELBASE.dll
0x76610000 - 0x766b1000 	C:\Windows\system32\ADVAPI32.dll
0x76700000 - 0x767ac000 	C:\Windows\system32\msvcrt.dll
0x766c0000 - 0x766d9000 	C:\Windows\SYSTEM32\sechost.dll
0x75fb0000 - 0x76052000 	C:\Windows\system32\RPCRT4.dll
0x769e0000 - 0x76aa9000 	C:\Windows\system32\USER32.dll
0x76460000 - 0x764ae000 	C:\Windows\system32\GDI32.dll
0x77b10000 - 0x77b1a000 	C:\Windows\system32\LPK.dll
0x76060000 - 0x760fd000 	C:\Windows\system32\USP10.dll
0x74a70000 - 0x74c0e000 	C:\Windows\WinSxS\x86_microsoft.windows.common-controls_6595b64144ccf1df_6.0.7601.18837_none_41e855142bd5705d\COMCTL32.dll
0x76100000 - 0x76157000 	C:\Windows\system32\SHLWAPI.dll
0x766e0000 - 0x766ff000 	C:\Windows\system32\IMM32.DLL
0x76880000 - 0x7694c000 	C:\Windows\system32\MSCTF.dll
0x6d020000 - 0x6d035000 	C:\PROGRA~1\KASPER~1\KASPER~1.0FO\adialhk.dll
0x5b2d0000 - 0x5b38f000 	D:\jdk\bin\msvcr100.dll
0x66e20000 - 0x671e0000 	D:\jdk\bin\client\jvm.dll
0x6ffd0000 - 0x6ffd7000 	C:\Windows\system32\WSOCK32.dll
0x75e50000 - 0x75e85000 	C:\Windows\system32\WS2_32.dll
0x76410000 - 0x76416000 	C:\Windows\system32\NSI.dll
0x73f00000 - 0x73f32000 	C:\Windows\system32\WINMM.dll
0x75330000 - 0x75339000 	C:\Windows\system32\VERSION.dll
0x76400000 - 0x76405000 	C:\Windows\system32\PSAPI.DLL
0x71760000 - 0x7176c000 	D:\jdk\bin\verify.dll
0x71730000 - 0x71751000 	D:\jdk\bin\java.dll
0x71710000 - 0x71723000 	D:\jdk\bin\zip.dll
0x71a10000 - 0x71afb000 	C:\Windows\system32\dbghelp.dll

VM Arguments:
jvm_args: -Dfile.encoding=Cp1251 -Xbootclasspath:C:\Users\Romantsova\android-sdks\platforms\android-17\android.jar 
java_command: com.example.achess.DrawTest
java_class_path (initial): D:\jwork\achess\bin\classes;D:\jwork\achess\libs\android-support-v4.jar
Launcher Type: SUN_STANDARD

Environment Variables:
CLASSPATH=D:\jdk\lib
PATH=D:/jdk/bin/client;D:/jdk/bin;D:/jdk/lib/i386;D:\jdk\bin;C:\ProgramData\Oracle\Java\javapath;D:\BSSystems\AzkExchange107;C:\Windows\system32;C:\Windows;C:\Windows\System32\Wbem;C:\Windows\System32\WindowsPowerShell\v1.0\;C:\Windows\System32\WindowsPowerShell\v1.0\;C:\Windows\System32\WindowsPowerShell\v1.0\;D:\EOS\PB10DK\;;D:\eclipse;
USERNAME=Romantsova
OS=Windows_NT
PROCESSOR_IDENTIFIER=x86 Family 6 Model 42 Stepping 7, GenuineIntel



---------------  S Y S T E M  ---------------

OS: Windows 7 Build 7601 (6.1.7601.18847)

CPU:total 4 (2 cores per cpu, 2 threads per core) family 6 model 42 stepping 7, cmov, cx8, fxsr, mmx, sse, sse2, sse3, ssse3, sse4.1, sse4.2, popcnt, avx, clmul, ht, tsc, tscinvbit

Memory: 4k page, physical 3587576k(546372k free), swap 7173424k(3029212k free)

vm_info: Java HotSpot(TM) Client VM (25.45-b02) for windows-x86 JRE (1.8.0_45-b15), built on Apr 30 2015 12:31:00 by "java_re" with MS VC++ 10.0 (VS2010)

time: Tue Sep 29 10:34:54 2015
elapsed time: 0 seconds (0d 0h 0m 0s)

